=== GiftCred Phase 1 E2E — 2026-06-24T11:13:14.511Z ===
[2026-06-24T11:13:14.513Z] [INFO] Auth base "http://localhost:3001"
[2026-06-24T11:13:14.514Z] [INFO] Python base "http://127.0.0.1:8000"
[2026-06-24T11:13:16.753Z] [PASS] GET /health {"status":200,"ms":2239}
[2026-06-24T11:13:16.767Z] [PASS] GET / (API index) {"status":200,"endpoints":["auth","users","accounts","audit"]}
[2026-06-24T11:13:20.119Z] [PASS] POST /api/auth/login (password) {"status":200,"note":"MFA already enabled — will verify via MFA flow","mfa_required":true}
[2026-06-24T11:13:23.717Z] [PASS] POST /api/auth/mfa/verify (MFA-enabled account) {"status":200,"roleSlug":"platform_owner"}
[2026-06-24T11:13:24.251Z] [PASS] GET /api/auth/me {"status":200,"roleSlug":"platform_owner","isPlatformAdmin":true}
[2026-06-24T11:13:25.118Z] [PASS] GET /api/auth/sessions {"status":200,"count":6,"sample":{"id":"20","ip":"::1","lastUsed":"2026-06-24T11:13:23.395Z"}}
[2026-06-24T11:13:25.973Z] [PASS] GET /api/users {"status":200,"count":6}
[2026-06-24T11:13:26.857Z] [PASS] GET /api/users/roles {"status":200,"count":5}
[2026-06-24T11:13:27.667Z] [PASS] GET /api/accounts {"status":200,"count":3}
[2026-06-24T11:13:28.742Z] [PASS] GET /api/audit/logs {"status":200,"total":31,"returned":10,"sampleAction":"login_success"}
[2026-06-24T11:13:30.098Z] [PASS] GET /api/audit/logs (action filter) {"status":200,"count":5}
[2026-06-24T11:13:32.144Z] [PASS] POST /api/auth/refresh {"status":200}
[2026-06-24T11:13:32.150Z] [PASS] GET /api/users (no token → 401) {"status":401}
[2026-06-24T11:13:33.094Z] [PASS] DELETE /api/auth/sessions/:id {"status":200,"sessionId":"6"}
[2026-06-24T11:13:33.095Z] [INFO] ── Extended flows (--force) ──
[2026-06-24T11:13:46.380Z] [PASS] POST /api/auth/otp/request {"status":200,"email":"e2e-otp-1782299613096@giftcred.test"}
[2026-06-24T11:13:48.698Z] [PASS] POST /api/auth/otp/verify {"status":200,"roleSlug":"analyst"}
[2026-06-24T11:13:48.706Z] [PASS] GET /api/auth/sso/google (OAuth redirect) {"status":302,"locationHost":"accounts.google.com"}
[2026-06-24T11:13:48.711Z] [PASS] GET /api/auth/sso/microsoft (OAuth redirect) {"status":302,"locationHost":"login.microsoftonline.com"}
[2026-06-24T11:13:48.713Z] [PASS] GET /api/auth/sso/google/callback (no code → redirect/error) {"status":302}
[2026-06-24T11:13:53.314Z] [PASS] POST /api/users/invites {"status":201,"inviteId":"3"}
[2026-06-24T11:13:55.302Z] [PASS] POST /api/users/invites/accept {"status":201,"userId":"9","email":"e2e-invite-1782299613096@giftcred.test"}
[2026-06-24T11:13:57.312Z] [PASS] POST /api/auth/login (invited user) {"status":200}
[2026-06-24T11:13:59.050Z] [PASS] POST /api/auth/login (no MFA user) {"status":200,"mfa_required":false}
[2026-06-24T11:13:59.908Z] [PASS] POST /api/auth/mfa/setup (fresh user) {"status":200,"hasQr":true}
[2026-06-24T11:14:01.888Z] [PASS] POST /api/auth/mfa/enable (fresh user) {"status":200,"recoveryCodeCount":10}
[2026-06-24T11:14:03.357Z] [PASS] POST /api/auth/login (MFA required after enable) {"status":200,"mfa_required":true}
[2026-06-24T11:14:05.193Z] [PASS] POST /api/auth/mfa/verify (recovery code) {"status":200,"method":"recovery"}
[2026-06-24T11:14:06.425Z] [PASS] POST /api/accounts/master {"status":201,"masterId":"4"}
[2026-06-24T11:14:07.450Z] [PASS] POST /api/accounts/child {"status":201,"childId":"5","parentId":"4"}
[2026-06-24T11:14:09.941Z] [PASS] Master account owner login {"email":"e2e-master-1782299613096@giftcred.test"}
[2026-06-24T11:14:10.652Z] [PASS] GET /api/accounts (master scope) {"status":200,"accountIds":["5","4"],"expected":["4","5"]}
[2026-06-24T11:14:12.361Z] [PASS] GET /api/users (master scope) {"status":200,"userCount":1,"accountIds":["4"]}
[2026-06-24T11:14:13.178Z] [PASS] GET /api/accounts (platform admin sees hierarchy) {"status":200,"totalAccounts":5}
[2026-06-24T11:14:15.175Z] [PASS] Python GET /api/catalog (public) {"status":200,"productCount":455}
[2026-06-24T11:14:15.183Z] [PASS] Python GET /api/orders (no token → 401) {"status":401}
[2026-06-24T11:15:56.092Z] [PASS] Python GET /api/orders (with JWT) {"status":200,"orderCount":22,"requestedBy":{"userId":1,"accountId":1,"roleSlug":"platform_owner"}}
[2026-06-24T11:15:56.100Z] [PASS] Python POST /api/purchase (no token → 401) {"status":401}
[2026-06-24T11:16:00.462Z] [PASS] Python POST /api/purchase (with JWT) {"status":401,"sku":"valuedesign:apollo-pharmacy:50000","jwtAccepted":true,"orderPlaced":false,"detail":"Order failed: [{\"code\":401,\"message\":\"oauth_problem=token_rejected\"}]","note":"JWT accepted; upstream Woohoo may reject order"}
[2026-06-24T11:16:00.463Z] [INFO] SUMMARY {"total":38,"passed":38,"failed":0,"results":[{"name":"GET /health","passed":true,"status":200,"ms":2239},{"name":"GET / (API index)","passed":"GiftCred Auth API","status":200,"endpoints":["auth","users","accounts","audit"]},{"name":"POST /api/auth/login (password)","passed":true,"status":200,"note":"MFA already enabled — will verify via MFA flow","mfa_required":true},{"name":"POST /api/auth/mfa/verify (MFA-enabled account)","passed":true,"status":200,"roleSlug":"platform_owner"},{"name":"GET /api/auth/me","passed":true,"status":200,"roleSlug":"platform_owner","isPlatformAdmin":true},{"name":"GET /api/auth/sessions","passed":true,"status":200,"count":6,"sample":{"id":"20","ip":"::1","lastUsed":"2026-06-24T11:13:23.395Z"}},{"name":"GET /api/users","passed":true,"status":200,"count":6},{"name":"GET /api/users/roles","passed":true,"status":200,"count":5},{"name":"GET /api/accounts","passed":true,"status":200,"count":3},{"name":"GET /api/audit/logs","passed":true,"status":200,"total":31,"returned":10,"sampleAction":"login_success"},{"name":"GET /api/audit/logs (action filter)","passed":true,"status":200,"count":5},{"name":"POST /api/auth/refresh","passed":true,"status":200},{"name":"GET /api/users (no token → 401)","passed":true,"status":401},{"name":"DELETE /api/auth/sessions/:id","passed":true,"status":200,"sessionId":"6"},{"name":"POST /api/auth/otp/request","passed":true,"status":200,"email":"e2e-otp-1782299613096@giftcred.test"},{"name":"POST /api/auth/otp/verify","passed":true,"status":200,"roleSlug":"analyst"},{"name":"GET /api/auth/sso/google (OAuth redirect)","passed":true,"status":302,"locationHost":"accounts.google.com"},{"name":"GET /api/auth/sso/microsoft (OAuth redirect)","passed":true,"status":302,"locationHost":"login.microsoftonline.com"},{"name":"GET /api/auth/sso/google/callback (no code → redirect/error)","passed":true,"status":302},{"name":"POST /api/users/invites","passed":true,"status":201,"inviteId":"3"},{"name":"POST /api/users/invites/accept","passed":true,"status":201,"userId":"9","email":"e2e-invite-1782299613096@giftcred.test"},{"name":"POST /api/auth/login (invited user)","passed":true,"status":200},{"name":"POST /api/auth/login (no MFA user)","passed":true,"status":200,"mfa_required":false},{"name":"POST /api/auth/mfa/setup (fresh user)","passed":true,"status":200,"hasQr":true},{"name":"POST /api/auth/mfa/enable (fresh user)","passed":true,"status":200,"recoveryCodeCount":10},{"name":"POST /api/auth/login (MFA required after enable)","passed":true,"status":200,"mfa_required":true},{"name":"POST /api/auth/mfa/verify (recovery code)","passed":true,"status":200,"method":"recovery"},{"name":"POST /api/accounts/master","passed":true,"status":201,"masterId":"4"},{"name":"POST /api/accounts/child","passed":true,"status":201,"childId":"5","parentId":"4"},{"name":"Master account owner login","passed":true,"email":"e2e-master-1782299613096@giftcred.test"},{"name":"GET /api/accounts (master scope)","passed":true,"status":200,"accountIds":["5","4"],"expected":["4","5"]},{"name":"GET /api/users (master scope)","passed":true,"status":200,"userCount":1,"accountIds":["4"]},{"name":"GET /api/accounts (platform admin sees hierarchy)","passed":true,"status":200,"totalAccounts":5},{"name":"Python GET /api/catalog (public)","passed":true,"status":200,"productCount":455},{"name":"Python GET /api/orders (no token → 401)","passed":true,"status":401},{"name":"Python GET /api/orders (with JWT)","passed":true,"status":200,"orderCount":22,"requestedBy":{"userId":1,"accountId":1,"roleSlug":"platform_owner"}},{"name":"Python POST /api/purchase (no token → 401)","passed":true,"status":401},{"name":"Python POST /api/purchase (with JWT)","passed":true,"status":401,"sku":"valuedesign:apollo-pharmacy:50000","jwtAccepted":true,"orderPlaced":false,"detail":"Order failed: [{\"code\":401,\"message\":\"oauth_problem=token_rejected\"}]","note":"JWT accepted; upstream Woohoo may reject order"}]}
